Android_Project/app/build/outputs/logs/manifest-merger-debug-report.txt
-- Merging decision tree log ---
manifest
ADDED from src\main\AndroidManifest.xml:2:1-107:12
	package
		ADDED from src\main\AndroidManifest.xml:3:5-35
		INJECTED from src\main\AndroidManifest.xml
		INJECTED from src\main\AndroidManifest.xml
	android:versionName
		ADDED from src\main\AndroidManifest.xml:5:5-30
		INJECTED from src\main\AndroidManifest.xml
		INJECTED from src\main\AndroidManifest.xml
	android:versionCode
		ADDED from src\main\AndroidManifest.xml:4:5-28
		INJECTED from src\main\AndroidManifest.xml
		INJECTED from src\main\AndroidManifest.xml
	xmlns:android
		ADDED from src\main\AndroidManifest.xml:2:11-69
uses-sdk
ADDED from src\main\AndroidManifest.xml:7:5-9:41
	android:targetSdkVersion
		ADDED from src\main\AndroidManifest.xml:9:9-38
		INJECTED from src\main\AndroidManifest.xml
		INJECTED from src\main\AndroidManifest.xml
	android:minSdkVersion
		ADDED from src\main\AndroidManifest.xml:8:9-35
		INJECTED from src\main\AndroidManifest.xml
		INJECTED from src\main\AndroidManifest.xml
uses-permission#android.permission.BLUETOOTH
ADDED from src\main\AndroidManifest.xml:10:5-67
	android:name
		ADDED from src\main\AndroidManifest.xml:10:22-65
uses-permission#android.permission.BLUETOOTH_ADMIN
ADDED from src\main\AndroidManifest.xml:11:5-73
	android:name
		ADDED from src\main\AndroidManifest.xml:11:22-71
uses-permission#android.permission.CAMERA
ADDED from src\main\AndroidManifest.xml:12:5-64
	android:name
		ADDED from src\main\AndroidManifest.xml:12:22-62
uses-feature#android.hardware.camera
ADDED from src\main\AndroidManifest.xml:13:5-59
	android:name
		ADDED from src\main\AndroidManifest.xml:13:19-57
uses-feature#android.hardware.camera.autofocus
ADDED from src\main\AndroidManifest.xml:14:5-94
	android:required
		ADDED from src\main\AndroidManifest.xml:14:68-92
	android:name
		ADDED from src\main\AndroidManifest.xml:14:19-67
uses-permission#android.permission.WRITE_EXTERNAL_STORAGE
ADDED from src\main\AndroidManifest.xml:15:5-81
	android:name
		ADDED from src\main\AndroidManifest.xml:15:22-78
uses-permission#android.permission.ACCESS_WIFI_STATE
ADDED from src\main\AndroidManifest.xml:16:5-92
	android:name
		ADDED from src\main\AndroidManifest.xml:16:22-73
uses-permission#android.permission.CHANGE_WIFI_STATE
ADDED from src\main\AndroidManifest.xml:17:2-89
	android:name
		ADDED from src\main\AndroidManifest.xml:17:19-70
uses-permission#android.permission.WAKE_LOCK
ADDED from src\main\AndroidManifest.xml:18:2-81
	android:name
		ADDED from src\main\AndroidManifest.xml:18:19-62
uses-permission#android.permission.ACCESS_NETWORK_STATE
ADDED from src\main\AndroidManifest.xml:19:2-92
	android:name
		ADDED from src\main\AndroidManifest.xml:19:19-73
uses-permission#android.permission.INTERNET
ADDED from src\main\AndroidManifest.xml:20:2-80
	android:name
		ADDED from src\main\AndroidManifest.xml:20:19-61
uses-permission#android.permission.MOUNT_UNMOUNT_FILESYSTEMS
ADDED from src\main\AndroidManifest.xml:21:2-97
	android:name
		ADDED from src\main\AndroidManifest.xml:21:19-78
uses-permission#android.permission.RECORD_AUDIO
ADDED from src\main\AndroidManifest.xml:23:2-68
	android:name
		ADDED from src\main\AndroidManifest.xml:23:19-65
uses-permission#android.permission.CHANGE_NETWORK_STATE
ADDED from src\main\AndroidManifest.xml:24:5-79
	android:name
		ADDED from src\main\AndroidManifest.xml:24:22-76
uses-permission#android.permission.READ_PHONE_STATE
ADDED from src\main\AndroidManifest.xml:25:5-75
	android:name
		ADDED from src\main\AndroidManifest.xml:25:22-72
uses-permission#android.permission.ACCESS_FINE_LOCATION
ADDED from src\main\AndroidManifest.xml:26:5-79
	android:name
		ADDED from src\main\AndroidManifest.xml:26:22-76
uses-permission#android.permission.READ_CONTACTS
ADDED from src\main\AndroidManifest.xml:27:5-72
	android:name
		ADDED from src\main\AndroidManifest.xml:27:22-69
uses-permission#android.permission.BLUETOOTH_PRIVILEGED
ADDED from src\main\AndroidManifest.xml:28:5-78
	android:name
		ADDED from src\main\AndroidManifest.xml:28:22-76
application
ADDED from src\main\AndroidManifest.xml:29:5-105:19
	android:label
		ADDED from src\main\AndroidManifest.xml:32:9-41
	android:allowBackup
		ADDED from src\main\AndroidManifest.xml:30:9-35
	android:icon
		ADDED from src\main\AndroidManifest.xml:31:9-45
	android:theme
		ADDED from src\main\AndroidManifest.xml:34:9-40
	android:name
		ADDED from src\main\AndroidManifest.xml:33:9-35
activity#com.example.group4ui.MainActivity
ADDED from src\main\AndroidManifest.xml:35:9-43:20
	android:label
		ADDED from src\main\AndroidManifest.xml:37:13-45
	android:name
		ADDED from src\main\AndroidManifest.xml:36:13-41
intent-filter#android.intent.action.MAIN+android.intent.category.LAUNCHER
ADDED from src\main\AndroidManifest.xml:38:13-42:29
action#android.intent.action.MAIN
ADDED from src\main\AndroidManifest.xml:39:17-69
	android:name
		ADDED from src\main\AndroidManifest.xml:39:25-66
category#android.intent.category.LAUNCHER
ADDED from src\main\AndroidManifest.xml:41:17-77
	android:name
		ADDED from src\main\AndroidManifest.xml:41:27-74
activity#com.example.group4ui.IPAddressActivity
ADDED from src\main\AndroidManifest.xml:44:9-52:20
	android:label
		ADDED from src\main\AndroidManifest.xml:46:13-48
	android:name
		ADDED from src\main\AndroidManifest.xml:45:13-46
intent-filter#android.intent.action.ACTIVITY_IP_ADDRESS+android.intent.category.LAUNCHER
ADDED from src\main\AndroidManifest.xml:47:13-51:29
action#android.intent.action.ACTIVITY_IP_ADDRESS
ADDED from src\main\AndroidManifest.xml:48:17-84
	android:name
		ADDED from src\main\AndroidManifest.xml:48:25-81
activity#com.example.group4ui.LiveVideoActivity
ADDED from src\main\AndroidManifest.xml:53:9-61:20
	android:label
		ADDED from src\main\AndroidManifest.xml:55:13-48
	android:name
		ADDED from src\main\AndroidManifest.xml:54:13-46
intent-filter#android.intent.action.ACTIVITY_LIVE_VIDEO+android.intent.category.LAUNCHER
ADDED from src\main\AndroidManifest.xml:56:13-60:29
action#android.intent.action.ACTIVITY_LIVE_VIDEO
ADDED from src\main\AndroidManifest.xml:57:17-84
	android:name
		ADDED from src\main\AndroidManifest.xml:57:25-81
activity#com.example.group4ui.FaceRecognizationActivity
ADDED from src\main\AndroidManifest.xml:62:9-71:20
	android:screenOrientation
		ADDED from src\main\AndroidManifest.xml:65:13-50
	android:label
		ADDED from src\main\AndroidManifest.xml:64:13-56
	android:name
		ADDED from src\main\AndroidManifest.xml:63:13-54
intent-filter#android.intent.action.ACTIVITY_FACE_RECOGNIZATION+android.intent.category.LAUNCHER
ADDED from src\main\AndroidManifest.xml:66:13-70:29
action#android.intent.action.ACTIVITY_FACE_RECOGNIZATION
ADDED from src\main\AndroidManifest.xml:67:17-92
	android:name
		ADDED from src\main\AndroidManifest.xml:67:25-89
activity#com.example.group4ui.AsrDemo
ADDED from src\main\AndroidManifest.xml:72:9-80:20
	android:label
		ADDED from src\main\AndroidManifest.xml:74:13-46
	android:name
		ADDED from src\main\AndroidManifest.xml:73:13-36
intent-filter#android.intent.action.ACTIVITY_ASR_DEMO+android.intent.category.LAUNCHER
ADDED from src\main\AndroidManifest.xml:75:13-79:29
action#android.intent.action.ACTIVITY_ASR_DEMO
ADDED from src\main\AndroidManifest.xml:76:17-82
	android:name
		ADDED from src\main\AndroidManifest.xml:76:25-79
activity#com.example.group4ui.vMainActivity
ADDED from src\main\AndroidManifest.xml:81:9-89:20
	android:label
		ADDED from src\main\AndroidManifest.xml:84:13-44
	android:configChanges
		ADDED from src\main\AndroidManifest.xml:83:13-74
	android:name
		ADDED from src\main\AndroidManifest.xml:82:13-42
intent-filter#android.intent.action.VMAIN+android.intent.category.LAUNCHER
ADDED from src\main\AndroidManifest.xml:85:13-88:29
action#android.intent.action.VMAIN
ADDED from src\main\AndroidManifest.xml:86:17-70
	android:name
		ADDED from src\main\AndroidManifest.xml:86:25-67
activity#com.example.group4ui.VideoActivity
ADDED from src\main\AndroidManifest.xml:90:9-96:20
	android:configChanges
		ADDED from src\main\AndroidManifest.xml:92:13-74
	android:name
		ADDED from src\main\AndroidManifest.xml:91:13-42
intent-filter#android.intent.category.DEFAULT
ADDED from src\main\AndroidManifest.xml:93:13-95:29
category#android.intent.category.DEFAULT
ADDED from src\main\AndroidManifest.xml:94:17-76
	android:name
		ADDED from src\main\AndroidManifest.xml:94:27-73
activity#com.example.group4ui.VideoConfig
ADDED from src\main\AndroidManifest.xml:97:9-103:20
	android:configChanges
		ADDED from src\main\AndroidManifest.xml:99:13-74
	android:name
		ADDED from src\main\AndroidManifest.xml:98:13-40